<?xml version="1.0" encoding="UTF-8"?>
<!-- Generated by org.testng.reporters.JUnitReportReporter -->
<testsuite hostname="inlen8520068618" failures="0" tests="2" name="Generic_method.AnnotationUnderstanding" time="4.235" errors="0" timestamp="2023-12-21T17:27:02 IST" skipped="0">
  <testcase classname="Generic_method.AnnotationUnderstanding" name="testChrome1" time="2.323"/>
  <testcase classname="Generic_method.AnnotationUnderstanding" name="testChrome2" time="1.912"/>
</testsuite> <!-- Generic_method.AnnotationUnderstanding -->
