<?xml version="1.0" encoding="UTF-8"?>
<!-- Generated by org.testng.reporters.JUnitReportReporter -->
<testsuite hostname="inlen8520068618" failures="0" tests="2" name="TestNg.Testng_Annotations" time="0.005" errors="0" timestamp="2024-02-11T14:24:37 IST" skipped="0">
  <testcase classname="TestNg.Testng_Annotations" name="test1" time="0.005"/>
  <testcase classname="TestNg.Testng_Annotations" name="test3" time="0.000"/>
</testsuite> <!-- TestNg.Testng_Annotations -->
