<?xml version="1.0" encoding="UTF-8"?>
<!-- Generated by org.testng.reporters.JUnitReportReporter -->
<testsuite hostname="inlen8520068618" failures="0" tests="2" name="TestNg.Demo_TestNg" time="0.010" errors="0" timestamp="2023-07-17T09:39:42 IST" skipped="1">
  <testcase classname="TestNg.Demo_TestNg" name="test2" time="0.010"/>
  <testcase classname="TestNg.Demo_TestNg" name="test1">
    <skipped/>
  </testcase> <!-- test1 -->
</testsuite> <!-- TestNg.Demo_TestNg -->
