<?xml version="1.0" encoding="UTF-8"?>
<!-- Generated by org.testng.reporters.JUnitReportReporter -->
<testsuite hostname="inlen8520068618" failures="0" tests="3" name="TestNg.GetDataprovider" time="22.244" errors="0" timestamp="2023-12-20T21:23:31 IST" skipped="0">
  <testcase classname="TestNg.GetDataprovider" name="loginTest" time="9.875"/>
  <testcase classname="TestNg.GetDataprovider" name="loginTest" time="6.106"/>
  <testcase classname="TestNg.GetDataprovider" name="loginTest" time="6.263"/>
</testsuite> <!-- TestNg.GetDataprovider -->
