<?xml version="1.0" encoding="UTF-8"?>
<!-- Generated by org.testng.reporters.JUnitReportReporter -->
<testsuite hostname="inlen8520068618" failures="0" tests="4" name="TestNg.TestParameters1" time="0.022" errors="0" timestamp="2024-05-17T09:00:56 IST" skipped="0">
  <testcase classname="TestNg.TestParameters1" name="testCaseOne" time="0.001"/>
  <testcase classname="TestNg.TestParameters1" name="testCaseTwo" time="0.004"/>
  <testcase classname="TestNg.TestParameters1" name="testCaseTwo" time="0.003"/>
  <testcase classname="TestNg.TestParameters1" name="testCaseOne" time="0.014"/>
</testsuite> <!-- TestNg.TestParameters1 -->
