<?xml version="1.0" encoding="UTF-8"?>
<!-- Generated by org.testng.reporters.JUnitReportReporter -->
<testsuite hostname="inlen8520068618" failures="0" tests="3" name="TestNg.Home_loan" time="0.010" errors="0" timestamp="2023-12-27T00:14:15 IST" skipped="0">
  <testcase classname="TestNg.Home_loan" name="WebLoginHomeLoan" time="0.001"/>
  <testcase classname="TestNg.Home_loan" name="MobileLoginHomeLoan" time="0.001"/>
  <testcase classname="TestNg.Home_loan" name="APILoginHomeLoan" time="0.008"/>
</testsuite> <!-- TestNg.Home_loan -->
