<?xml version="1.0" encoding="UTF-8"?>
<!-- Generated by org.testng.reporters.JUnitReportReporter -->
<testsuite hostname="inlen8520068618" failures="0" tests="2" name="TestNg.TestParameters2" time="0.005" errors="0" timestamp="2024-05-17T09:00:56 IST" skipped="0">
  <testcase classname="TestNg.TestParameters2" name="testCaseThree" time="0.002"/>
  <testcase classname="TestNg.TestParameters2" name="testCaseThree" time="0.003"/>
</testsuite> <!-- TestNg.TestParameters2 -->
