<?xml version="1.0" encoding="UTF-8"?>
<!-- Generated by org.testng.reporters.JUnitReportReporter -->
<testsuite hostname="inlen8520068618" failures="0" tests="1" name="TestNg.testngAnnotations" time="0.007" errors="0" timestamp="2023-12-20T15:54:16 IST" skipped="0">
  <testcase classname="TestNg.testngAnnotations" name="test1" time="0.007"/>
</testsuite> <!-- TestNg.testngAnnotations -->
