<?xml version="1.0" encoding="UTF-8"?>
<!-- Generated by org.testng.reporters.JUnitReportReporter -->
<testsuite hostname="inlen8520068618" failures="0" tests="1" name="Generic_method.sdf" time="7.583" errors="0" timestamp="2023-12-21T19:49:44 IST" skipped="0">
  <testcase classname="Generic_method.sdf" name="test" time="7.583"/>
</testsuite> <!-- Generic_method.sdf -->
