<?xml version="1.0" encoding="UTF-8"?>
<!-- Generated by org.testng.reporters.JUnitReportReporter -->
<testsuite hostname="inlen8520068618" failures="0" tests="1" name="TestNg.FileUpload" time="10.374" errors="0" timestamp="2023-07-22T19:34:25 IST" skipped="0">
  <testcase classname="TestNg.FileUpload" name="FileUpload" time="10.374"/>
</testsuite> <!-- TestNg.FileUpload -->
