<?xml version="1.0" encoding="UTF-8"?>
<!-- Generated by org.testng.reporters.JUnitReportReporter -->
<testsuite hostname="inlen8520068618" failures="0" tests="4" name="TestNg.NewLoan_Enable_Disable" time="0.013" errors="0" timestamp="2023-12-20T13:19:31 IST" skipped="1">
  <testcase classname="TestNg.NewLoan_Enable_Disable" name="APILoginHomeLoan" time="0.010"/>
  <testcase classname="TestNg.NewLoan_Enable_Disable" name="LoanMax" time="0.002"/>
  <testcase classname="TestNg.NewLoan_Enable_Disable" name="MotorCarloan" time="0.001"/>
  <testcase classname="TestNg.NewLoan_Enable_Disable" name="WebLoginHomeLoan">
    <skipped/>
  </testcase> <!-- WebLoginHomeLoan -->
</testsuite> <!-- TestNg.NewLoan_Enable_Disable -->
