<?xml version="1.0" encoding="UTF-8"?>
<!-- Generated by org.testng.reporters.JUnitReportReporter -->
<testsuite hostname="inlen8520068618" failures="0" tests="3" name="TestNg.DP" time="0.024" errors="0" timestamp="2024-06-09T10:47:51 IST" skipped="0">
  <testcase classname="TestNg.DP" name="testMethod" time="0.004"/>
  <testcase classname="TestNg.DP" name="testMethod" time="0.002"/>
  <testcase classname="TestNg.DP" name="testMethod" time="0.018"/>
</testsuite> <!-- TestNg.DP -->
