<?xml version="1.0" encoding="UTF-8"?>
<!-- Generated by org.testng.reporters.JUnitReportReporter -->
<testsuite hostname="inlen8520068618" failures="0" tests="2" name="TestNg.Group_Test" time="0.032" errors="0" timestamp="2023-12-20T13:35:13 IST" skipped="0">
  <testcase classname="TestNg.Group_Test" name="testcase2" time="0.016"/>
  <testcase classname="TestNg.Group_Test" name="testcase1" time="0.016"/>
</testsuite> <!-- TestNg.Group_Test -->
