<?xml version="1.0" encoding="UTF-8"?>
<!-- Generated by org.testng.reporters.JUnitReportReporter -->
<testsuite hostname="inlen8520068618" failures="0" tests="2" name="demo.LoginTests" time="0.012" errors="0" timestamp="2024-02-20T16:28:30 IST" skipped="0">
  <testcase classname="demo.LoginTests" name="testForgotPassword" time="0.010"/>
  <testcase classname="demo.LoginTests" name="testLogin" time="0.002"/>
</testsuite> <!-- demo.LoginTests -->
