<?xml version="1.0" encoding="UTF-8"?>
<!-- Generated by org.testng.reporters.JUnitReportReporter -->
<testsuite hostname="inlen8520068618" failures="0" tests="2" name="TestNg.TestParameters" time="0.008" errors="0" timestamp="2023-12-20T16:38:02 IST" skipped="0">
  <testcase classname="TestNg.TestParameters" name="testCaseTwo" time="0.002"/>
  <testcase classname="TestNg.TestParameters" name="testCaseOne" time="0.006"/>
</testsuite> <!-- TestNg.TestParameters -->
