<?xml version="1.0" encoding="UTF-8"?>
<!-- Generated by org.testng.reporters.JUnitReportReporter -->
<testsuite hostname="inlen8520068618" failures="0" tests="4" name="Generic_method.TestDependencyExample" time="0.010" errors="0" timestamp="2023-12-26T23:38:21 IST" skipped="0">
  <testcase classname="Generic_method.TestDependencyExample" name="testCaseA" time="0.001"/>
  <testcase classname="Generic_method.TestDependencyExample" name="testCaseB" time="0.001"/>
  <testcase classname="Generic_method.TestDependencyExample" name="prerequisiteTest1" time="0.007"/>
  <testcase classname="Generic_method.TestDependencyExample" name="prerequisiteTest2" time="0.001"/>
</testsuite> <!-- Generic_method.TestDependencyExample -->
