<?xml version="1.0" encoding="UTF-8"?>
<!-- Generated by org.testng.reporters.JUnitReportReporter -->
<testsuite hostname="inlen8520068618" failures="0" tests="2" name="TestNg.NewLoan" time="0.012" errors="0" timestamp="2023-12-20T12:46:27 IST" skipped="1">
  <testcase classname="TestNg.NewLoan" name="APILoginHomeLoan" time="0.012"/>
  <testcase classname="TestNg.NewLoan" name="WebLoginHomeLoan">
    <skipped/>
  </testcase> <!-- WebLoginHomeLoan -->
</testsuite> <!-- TestNg.NewLoan -->
