<?xml version="1.0" encoding="UTF-8"?>
<!-- Generated by org.testng.reporters.JUnitReportReporter -->
<testsuite hostname="inlen8520068618" failures="0" tests="1" name="Generic_method.ExtentUsage" time="3.077" errors="0" timestamp="2023-12-20T01:08:18 IST" skipped="0">
  <testcase classname="Generic_method.ExtentUsage" name="exampleTest" time="3.077"/>
</testsuite> <!-- Generic_method.ExtentUsage -->
