<?xml version="1.0" encoding="UTF-8"?>
<!-- Generated by org.testng.reporters.JUnitReportReporter -->
<testsuite hostname="inlen8520068618" failures="0" tests="3" name="TestNg.Personal_loan" time="0.003" errors="0" timestamp="2023-12-27T00:14:15 IST" skipped="0">
  <testcase classname="TestNg.Personal_loan" name="APILoginPersonalLoan" time="0.001"/>
  <testcase classname="TestNg.Personal_loan" name="MobileLoginPersonalLoan" time="0.001"/>
  <testcase classname="TestNg.Personal_loan" name="WebLoginPersonalLoan" time="0.001"/>
</testsuite> <!-- TestNg.Personal_loan -->
